2024-11-11 11:00:04,019 - app.logger - INFO - 检测当前分支是否干净.....
2024-11-11 11:00:13,545 - app.logger - INFO - 切换分支到master.....
2024-11-11 11:00:26,924 - app.logger - INFO - 当前分支为: master
2024-11-11 11:00:29,502 - app.logger - INFO - 拉取最新代码.....
2024-11-11 11:00:44,338 - app.logger - INFO - 当前分支为: dev-SIP-2024060301-rilidianti-v90
2024-11-11 11:00:44,339 - app.logger - INFO - 复制模板文件D:\sangfor\sip-customize\template\custom_template\SIP 到目标文件夹D:\sangfor\sip-customize\source\SIP\SIP3.0.90\rilidianti
2024-11-11 11:01:36,376 - app.logger - INFO - commit message: [ADD]定制模板
2024-11-11 11:01:38,153 - app.logger - INFO - 基线代码开始提交.....
2024-11-11 11:01:38,153 - app.logger - INFO - stash  message: 日立电梯临时保存的定制信息
2024-11-11 11:02:28,979 - app.logger - INFO - commit message: ADD]基线代码提交
2024-11-11 11:03:18,515 - app.logger - INFO - commit message: [ADD]联通白名单新增攻击结果字段
2024-11-11 11:03:22,481 - app.logger - INFO - 代码提交成功: dev-SIP-2024060301-rilidianti-v90
2024-11-11 11:36:08,074 - app.logger - INFO - 检测当前分支是否干净.....
2024-11-11 11:36:17,180 - app.logger - INFO - 切换分支到master.....
2024-11-11 11:36:29,645 - app.logger - INFO - 当前分支为: master
2024-11-11 11:36:32,992 - app.logger - INFO - 拉取最新代码.....
2024-11-11 11:36:50,748 - app.logger - INFO - 当前分支为: dev-SIP-2024060301-rilidianti-v90
2024-11-11 11:36:50,748 - app.logger - INFO - 复制模板文件D:\sangfor\sip-customize\template\custom_template\SIP 到目标文件夹D:\sangfor\sip-customize\source\SIP\SIP3.0.90\rilidianti
2024-11-11 11:37:44,775 - app.logger - INFO - commit message: [ADD]定制模板
2024-11-11 11:37:46,586 - app.logger - INFO - 基线代码开始提交.....
2024-11-11 11:37:46,586 - app.logger - INFO - stash  message: 日立电梯临时保存的定制信息
2024-11-11 11:38:41,647 - app.logger - INFO - commit message: ADD]基线代码提交
2024-11-11 11:39:30,824 - app.logger - INFO - commit message: [ADD]联通白名单新增攻击结果字段
2024-11-11 11:39:33,775 - app.logger - INFO - 代码提交成功: dev-SIP-2024060301-rilidianti-v90
